
> frontend-enterprise@0.1.0 build
> next build

??? Next.js 16.2.1 (Turbopack)
- Environments: .env.local

  Creating an optimized production build ...
node.exe : Error: Cannot 
apply unknown utility 
class `from-brand-500`
At line:1 char:1
+ & "C:\Program 
Files\nodejs/node.exe" 
"C:\Program 
Files\nodejs/node_mo ...
+ ~~~~~~~~~~~~~~~~~~~~~~~~~
~~~~~~~~~~~~~~~~~~~~~~~~~~~
~~~~~~~~~~~~~~~~~
    + CategoryInfo         
     : NotSpecified: (Err  
  or: Cannot a...from-br   
 and-500`:String) [], R    
emoteException
    + FullyQualifiedErrorI 
   d : NativeCommandError
 
    [2m[at 
onInvalidCandidate (D:\AI 
Document Intelligence Syste
m\frontend-enterprise\node_
modules\tailwindcss\dist\li
b.js:21:1511)][0m
    [2m[at Ee (D:\AI 
Document Intelligence Syste
m\frontend-enterprise\node_
modules\tailwindcss\dist\li
b.js:16:37066)][0m
    [2m[at D:\AI Document 
Intelligence System\fronten
d-enterprise\node_modules\t
ailwindcss\dist\lib.js:21:3
55][0m
    [2m[at _r (D:\AI 
Document Intelligence Syste
m\frontend-enterprise\node_
modules\tailwindcss\dist\li
b.js:3:1733)][0m
    [2m[at I (D:\AI 
Document Intelligence Syste
m\frontend-enterprise\node_
modules\tailwindcss\dist\li
b.js:3:1377)][0m
    [2m[at Te (D:\AI 
Document Intelligence Syste
m\frontend-enterprise\node_
modules\tailwindcss\dist\li
b.js:21:172)][0m
    [2m[at mn (D:\AI 
Document Intelligence Syste
m\frontend-enterprise\node_
modules\tailwindcss\dist\li
b.js:38:294)][0m
    [2m[at async gn 
(D:\AI Document 
Intelligence System\fronten
d-enterprise\node_modules\t
ailwindcss\dist\lib.js:38:6
31)][0m
    [2m[at async Xr 
(D:\AI Document 
Intelligence System\fronten
d-enterprise\node_modules\@
tailwindcss\node\dist\index
.js:10:3416)][0m
    [2m[at async N (D:\AI 
Document Intelligence Syste
m\frontend-enterprise\node_
modules\@tailwindcss\postcs
s\dist\index.js:10:3979)][
0m

> Build error occurred
Error: Turbopack build 
failed with 1 errors:
./app/globals.css
Error evaluating Node.js 
code
CssSyntaxError: 
tailwindcss: D:\AI 
Document Intelligence Syste
m\frontend-enterprise\app\g
lobals.css:1:1: Cannot 
apply unknown utility 
class `from-brand-500`
    at Input.error (node_mo
dules/postcss/lib/input.js:
135:16) [D:\AI Document 
Intelligence System\fronten
d-enterprise\.next\build\ch
unks\node_modules_13sb.px._
.js:4651:22]
    at error (node_modules/
postcss/lib/node.js:146:32)
 [D:\AI Document 
Intelligence System\fronten
d-enterprise\.next\build\ch
unks\node_modules_13sb.px._
.js:928:38]
    [at Object.Once (D:\AI 
Document Intelligence Syste
m\frontend-enterprise\node_
modules\@tailwindcss\postcs
s\dist\index.js:10:6913)]
    at async 
LazyResult.runAsync (node_m
odules/postcss/lib/lazy-res
ult.js:293:11) [D:\AI 
Document Intelligence Syste
m\frontend-enterprise\.next
\build\chunks\node_modules_
13sb.px._.js:6214:21]
    at async transform (tur
bopack:///[turbopack-node]/
transforms/postcss.ts:70:34
) [D:\AI Document 
Intelligence System\fronten
d-enterprise\.next\build\ch
unks\[root-of-the-server]__
0d-m0h0._.js:146:36]
    at async run (turbopack
:///[turbopack-node]/child_
process/evaluate.ts:89:23) 
[D:\AI Document 
Intelligence System\fronten
d-enterprise\.next\build\ch
unks\[root-of-the-server]__
0ubbtyl._.js:443:31]

Import trace:
  Client Component Browser:
    ./app/globals.css 
[Client Component Browser]
    ./app/layout.tsx 
[Server Component]


    at async transform (tur
bopack:///[turbopack-node]/
transforms/postcss.ts:70:34
) [D:\AI Document 
Intelligence System\fronten
d-enterprise\.next\build\ch
unks\[root-of-the-server]__
0d-m0h0._.js:146:36])
    at async run (turbopack
:///[turbopack-node]/child_
process/evaluate.ts:89:23) 
[D:\AI Document 
Intelligence System\fronten
d-enterprise\.next\build\ch
unks\[root-of-the-server]__
0ubbtyl._.js:443:31])
